2022-02-25 21:56:35,205 [Worker-4: Loading available Gradle versions] INFO  o.e.b.c.i.u.g.PublishedGradleVersions - Gradle version information cache is up-to-date. Trying to read.
2022-02-25 21:57:05,964 [Worker-2: Importing Maven projects] INFO  o.e.m.c.i.l.LifecycleMappingFactory - Using NULL lifecycle mapping for MavenProject: com.hbt:semillero:1.0-SNAPSHOT @ C:\Users\LENOVO\Desktop\repositorio\pruebasemillero\semillero-hbt\pom.xml.
2022-02-25 21:57:06,644 [Worker-2: Importing Maven projects] INFO  o.e.m.c.i.l.LifecycleMappingFactory - Using org.eclipse.m2e.jdt.JarLifecycleMapping lifecycle mapping for MavenProject: com.hbt.semillero.servicios:semillero-servicios:1.0-SNAPSHOT @ C:\Users\LENOVO\Desktop\repositorio\pruebasemillero\semillero-hbt\semillero-padre\semillero-servicios\pom.xml.
2022-02-25 21:57:06,741 [Worker-2: Importing Maven projects] INFO  o.e.m.c.i.l.LifecycleMappingFactory - Using org.eclipse.m2e.jdt.JarLifecycleMapping lifecycle mapping for MavenProject: com.hbt.semillero.web:semillero-web:1.0-SNAPSHOT @ C:\Users\LENOVO\Desktop\repositorio\pruebasemillero\semillero-hbt\semillero-padre\semillero-web\pom.xml.
2022-02-25 21:57:06,772 [Worker-2: Importing Maven projects] INFO  o.e.m.c.i.l.LifecycleMappingFactory - Using DEFAULT lifecycle mapping for MavenProject: com.hbt.semillero:semillero-ear:1.0-SNAPSHOT @ C:\Users\LENOVO\Desktop\repositorio\pruebasemillero\semillero-hbt\semillero-padre\semillero-ear\pom.xml.
2022-02-25 21:57:06,792 [Worker-2: Importing Maven projects] INFO  o.e.m.c.i.p.WorkspaceClassifierResolverManager - Resolving P/semillero-web: com.hbt.semillero.web:semillero-web:1.0-SNAPSHOT with classifier  to /semillero-web/target/classes
2022-02-25 21:57:06,793 [Worker-2: Importing Maven projects] INFO  o.e.m.c.i.p.WorkspaceClassifierResolverManager - Resolving P/semillero-servicios: com.hbt.semillero.servicios:semillero-servicios:1.0-SNAPSHOT with classifier  to /semillero-servicios/target/classes
2022-02-25 21:57:06,795 [Worker-2: Importing Maven projects] INFO  o.e.m.c.i.l.LifecycleMappingFactory - Using NULL lifecycle mapping for MavenProject: com.hbt.semillero:semillero-padre:1.0-SNAPSHOT @ C:\Users\LENOVO\Desktop\repositorio\pruebasemillero\semillero-hbt\semillero-padre\pom.xml.
2022-02-25 21:57:06,839 [Worker-2: Importing Maven projects] INFO  o.e.m.c.i.l.LifecycleMappingFactory - Using org.eclipse.m2e.jdt.JarLifecycleMapping lifecycle mapping for MavenProject: com.hbt.semillero.servicios:semillero-servicios:1.0-SNAPSHOT @ C:\Users\LENOVO\Desktop\repositorio\pruebasemillero\semillero-hbt\semillero-padre\semillero-servicios\pom.xml.
2022-02-25 21:57:06,885 [Worker-2: Importing Maven projects] INFO  o.e.m.c.i.l.LifecycleMappingFactory - Using org.eclipse.m2e.jdt.JarLifecycleMapping lifecycle mapping for MavenProject: com.hbt.semillero.web:semillero-web:1.0-SNAPSHOT @ C:\Users\LENOVO\Desktop\repositorio\pruebasemillero\semillero-hbt\semillero-padre\semillero-web\pom.xml.
2022-02-25 21:57:06,908 [Worker-2: Importing Maven projects] INFO  o.e.m.c.i.l.LifecycleMappingFactory - Using DEFAULT lifecycle mapping for MavenProject: com.hbt.semillero:semillero-ear:1.0-SNAPSHOT @ C:\Users\LENOVO\Desktop\repositorio\pruebasemillero\semillero-hbt\semillero-padre\semillero-ear\pom.xml.
2022-02-25 21:57:06,914 [Worker-2: Importing Maven projects] INFO  o.e.m.c.i.p.WorkspaceClassifierResolverManager - Resolving P/semillero-web: com.hbt.semillero.web:semillero-web:1.0-SNAPSHOT with classifier  to /semillero-web/target/classes
2022-02-25 21:57:06,914 [Worker-2: Importing Maven projects] INFO  o.e.m.c.i.p.WorkspaceClassifierResolverManager - Resolving P/semillero-servicios: com.hbt.semillero.servicios:semillero-servicios:1.0-SNAPSHOT with classifier  to /semillero-servicios/target/classes
2022-02-25 21:57:08,720 [Worker-2: Importing Maven projects] INFO  o.e.m.j.i.AbstractJavaProjectConfigurator - Adding source folder /semillero-servicios/src/main/java
2022-02-25 21:57:08,721 [Worker-2: Importing Maven projects] INFO  o.e.m.j.i.AbstractJavaProjectConfigurator - Adding resource folder /semillero-servicios/src/main/resources
2022-02-25 21:57:08,721 [Worker-2: Importing Maven projects] INFO  o.e.m.j.i.AbstractJavaProjectConfigurator - Adding source folder /semillero-servicios/src/test/java
2022-02-25 21:57:08,761 [Worker-2: Importing Maven projects] INFO  o.e.m.j.i.AbstractJavaProjectConfigurator - Adding source folder /semillero-web/src/main/java
2022-02-25 21:57:08,761 [Worker-2: Importing Maven projects] INFO  o.e.m.j.i.AbstractJavaProjectConfigurator - Adding source folder /semillero-web/src/test/java
2022-02-25 21:57:08,782 [Worker-17: Download sources and javadoc] INFO  o.e.m.c.i.e.AbstractTransferListenerAdapter - Downloading https://repo.maven.apache.org/maven2/log4j/log4j/1.2.17/log4j-1.2.17-sources.jar
2022-02-25 21:57:08,798 [Worker-2: Importing Maven projects] INFO  o.e.m.c.i.p.ProjectConfigurationManager - Imported and configured 5 project(s) in 13 sec
2022-02-25 21:57:09,184 [Worker-17: Download sources and javadoc] INFO  o.e.m.c.i.e.AbstractTransferListenerAdapter - Downloaded https://repo.maven.apache.org/maven2/log4j/log4j/1.2.17/log4j-1.2.17-sources.jar
2022-02-25 21:57:09,190 [Worker-17: Download sources and javadoc] INFO  o.e.m.j.internal.DownloadSourcesJob - Downloaded sources for log4j:log4j:1.2.17
2022-02-25 21:57:12,623 [Worker-14: Discover lifecycle mappings] INFO  o.e.m.i.discovery.MavenDiscovery - No lifecyle mapping found at jar:file:/C:/Users/LENOVO/AppData/Local/Temp/RemoteBundleDiscoveryStrategy13620157806265329297.tmp/org.eclipse.m2e.discovery.oss_catalog_1.14.jar_16264264005774853528.jar!/lifecycle%2Forg.eclipse.m2e.discovery.lifecyclemapping.m2e-wtp.xml
2022-02-25 21:57:12,624 [Worker-14: Discover lifecycle mappings] WARN  o.e.m.i.discovery.MavenDiscovery - CatalogItem org.eclipse.m2e.discovery.lifecyclemapping.m2e-wtp does not contain lifecycle mapping metadata
2022-02-25 21:57:12,626 [Worker-14: Discover lifecycle mappings] INFO  o.e.m.i.discovery.MavenDiscovery - No lifecyle mapping found at jar:file:/C:/Users/LENOVO/AppData/Local/Temp/RemoteBundleDiscoveryStrategy13620157806265329297.tmp/org.eclipse.m2e.discovery.oss_catalog_1.14.jar_16264264005774853528.jar!/lifecycle%2Forg.eclipse.m2e.discovery.lifecyclemapping.m2e-egit.xml
2022-02-25 21:57:12,626 [Worker-14: Discover lifecycle mappings] WARN  o.e.m.i.discovery.MavenDiscovery - CatalogItem org.eclipse.m2e.discovery.lifecyclemapping.m2e-egit does not contain lifecycle mapping metadata
2022-02-25 21:57:12,628 [Worker-14: Discover lifecycle mappings] INFO  o.e.m.i.discovery.MavenDiscovery - No lifecyle mapping found at jar:file:/C:/Users/LENOVO/AppData/Local/Temp/RemoteBundleDiscoveryStrategy13620157806265329297.tmp/org.eclipse.m2e.discovery.oss_catalog_1.14.jar_16264264005774853528.jar!/lifecycle%2Forg.eclipse.m2e.discovery.lifecyclemapping.m2e-subversive.xml
2022-02-25 21:57:12,629 [Worker-14: Discover lifecycle mappings] WARN  o.e.m.i.discovery.MavenDiscovery - CatalogItem org.eclipse.m2e.discovery.lifecyclemapping.m2e-subversive does not contain lifecycle mapping metadata
2022-02-25 21:57:12,669 [Worker-14: Discover lifecycle mappings] INFO  o.e.m.i.discovery.MavenDiscovery - No lifecyle mapping found at jar:file:/C:/Users/LENOVO/AppData/Local/Temp/RemoteBundleDiscoveryStrategy13620157806265329297.tmp/org.eclipse.m2e.discovery.oss_catalog_1.14.jar_16264264005774853528.jar!/lifecycle%2Forg.eclipse.m2e.discovery.extras.m2e-chromatic.xml
2022-02-25 21:57:12,670 [Worker-14: Discover lifecycle mappings] WARN  o.e.m.i.discovery.MavenDiscovery - CatalogItem org.eclipse.m2e.discovery.extras.m2e-chromatic does not contain lifecycle mapping metadata
2022-02-25 21:57:14,116 [Worker-15: Se está construyendo el espacio de trabajo] INFO  o.e.m.c.i.p.WorkspaceClassifierResolverManager - Resolving P/semillero-web: com.hbt.semillero.web:semillero-web:1.0-SNAPSHOT with classifier  to /semillero-web/target/classes
2022-02-25 21:57:14,117 [Worker-15: Se está construyendo el espacio de trabajo] INFO  o.e.m.c.i.p.WorkspaceClassifierResolverManager - Resolving P/semillero-servicios: com.hbt.semillero.servicios:semillero-servicios:1.0-SNAPSHOT with classifier  to /semillero-servicios/target/classes
2022-02-25 21:57:14,142 [Worker-15: Se está construyendo el espacio de trabajo] INFO  o.e.m.c.i.embedder.EclipseLogger - Using 'UTF-8' encoding to copy filtered resources.
2022-02-25 21:57:14,142 [Worker-15: Se está construyendo el espacio de trabajo] INFO  o.e.m.c.i.embedder.EclipseLogger - skip non existing resourceDirectory C:\Users\LENOVO\Desktop\repositorio\pruebasemillero\semillero-hbt\semillero-padre\semillero-ear\src\main\resources
2022-02-25 21:57:14,677 [Worker-15: Se está construyendo el espacio de trabajo] INFO  o.e.m.c.i.embedder.EclipseLogger - Using 'UTF-8' encoding to copy filtered resources.
2022-02-25 21:57:14,682 [Worker-15: Se está construyendo el espacio de trabajo] INFO  o.e.m.c.i.embedder.EclipseLogger - Copying 1 resource
2022-02-25 21:57:14,761 [Worker-15: Se está construyendo el espacio de trabajo] INFO  o.e.m.c.i.embedder.EclipseLogger - Not copying test resources
2022-02-25 21:57:14,824 [Worker-15: Se está construyendo el espacio de trabajo] INFO  o.e.m.c.i.embedder.EclipseLogger - Using 'UTF-8' encoding to copy filtered resources.
2022-02-25 21:57:14,824 [Worker-15: Se está construyendo el espacio de trabajo] INFO  o.e.m.c.i.embedder.EclipseLogger - skip non existing resourceDirectory C:\Users\LENOVO\Desktop\repositorio\pruebasemillero\semillero-hbt\semillero-padre\semillero-web\src\main\resources
2022-02-25 21:57:14,825 [Worker-15: Se está construyendo el espacio de trabajo] INFO  o.e.m.c.i.embedder.EclipseLogger - Not copying test resources
2022-02-25 21:57:14,832 [Worker-15: Se está construyendo el espacio de trabajo] INFO  o.e.m.c.i.embedder.EclipseLogger - Using 'UTF-8' encoding to copy filtered resources.
2022-02-25 21:57:14,839 [Worker-15: Se está construyendo el espacio de trabajo] INFO  o.e.m.c.i.embedder.EclipseLogger - Copying 69 resources
2022-02-25 22:00:19,838 [Worker-12: Se está construyendo el espacio de trabajo] INFO  o.e.m.c.i.embedder.EclipseLogger - Using 'UTF-8' encoding to copy filtered resources.
2022-02-25 22:00:19,839 [Worker-12: Se está construyendo el espacio de trabajo] INFO  o.e.m.c.i.embedder.EclipseLogger - Copying 0 resource
2022-02-25 22:00:19,841 [Worker-12: Se está construyendo el espacio de trabajo] INFO  o.e.m.c.i.embedder.EclipseLogger - Not copying test resources
2022-02-25 22:00:42,708 [Worker-13: Se está construyendo el espacio de trabajo] INFO  o.e.m.c.i.embedder.EclipseLogger - Using 'UTF-8' encoding to copy filtered resources.
2022-02-25 22:00:42,708 [Worker-13: Se está construyendo el espacio de trabajo] INFO  o.e.m.c.i.embedder.EclipseLogger - Copying 0 resource
2022-02-25 22:00:42,709 [Worker-13: Se está construyendo el espacio de trabajo] INFO  o.e.m.c.i.embedder.EclipseLogger - Not copying test resources
2022-02-25 22:00:42,714 [Worker-13: Se está construyendo el espacio de trabajo] INFO  o.e.m.c.i.embedder.EclipseLogger - Using 'UTF-8' encoding to copy filtered resources.
2022-02-25 22:00:42,714 [Worker-13: Se está construyendo el espacio de trabajo] INFO  o.e.m.c.i.embedder.EclipseLogger - skip non existing resourceDirectory C:\Users\LENOVO\Desktop\repositorio\pruebasemillero\semillero-hbt\semillero-padre\semillero-web\src\main\resources
2022-02-25 22:00:42,715 [Worker-13: Se está construyendo el espacio de trabajo] INFO  o.e.m.c.i.embedder.EclipseLogger - Not copying test resources
2022-02-25 22:00:42,716 [Worker-13: Se está construyendo el espacio de trabajo] INFO  o.e.m.c.i.embedder.EclipseLogger - Using 'UTF-8' encoding to copy filtered resources.
2022-02-25 22:00:42,717 [Worker-13: Se está construyendo el espacio de trabajo] INFO  o.e.m.c.i.embedder.EclipseLogger - Copying 0 resource
2022-02-25 22:01:14,204 [Worker-19: Se está construyendo el espacio de trabajo] INFO  o.e.m.c.i.embedder.EclipseLogger - Using 'UTF-8' encoding to copy filtered resources.
2022-02-25 22:01:14,204 [Worker-19: Se está construyendo el espacio de trabajo] INFO  o.e.m.c.i.embedder.EclipseLogger - Copying 0 resource
2022-02-25 22:01:14,206 [Worker-19: Se está construyendo el espacio de trabajo] INFO  o.e.m.c.i.embedder.EclipseLogger - Not copying test resources
2022-02-25 22:01:15,230 [Worker-12: Se está construyendo el espacio de trabajo] INFO  o.e.m.c.i.embedder.EclipseLogger - Using 'UTF-8' encoding to copy filtered resources.
2022-02-25 22:01:15,231 [Worker-12: Se está construyendo el espacio de trabajo] INFO  o.e.m.c.i.embedder.EclipseLogger - Copying 0 resource
2022-02-25 22:01:15,231 [Worker-12: Se está construyendo el espacio de trabajo] INFO  o.e.m.c.i.embedder.EclipseLogger - Not copying test resources
2022-02-25 22:01:15,235 [Worker-12: Se está construyendo el espacio de trabajo] INFO  o.e.m.c.i.embedder.EclipseLogger - Using 'UTF-8' encoding to copy filtered resources.
2022-02-25 22:01:15,236 [Worker-12: Se está construyendo el espacio de trabajo] INFO  o.e.m.c.i.embedder.EclipseLogger - skip non existing resourceDirectory C:\Users\LENOVO\Desktop\repositorio\pruebasemillero\semillero-hbt\semillero-padre\semillero-web\src\main\resources
2022-02-25 22:01:15,236 [Worker-12: Se está construyendo el espacio de trabajo] INFO  o.e.m.c.i.embedder.EclipseLogger - Not copying test resources
2022-02-25 22:01:15,237 [Worker-12: Se está construyendo el espacio de trabajo] INFO  o.e.m.c.i.embedder.EclipseLogger - Using 'UTF-8' encoding to copy filtered resources.
2022-02-25 22:01:15,238 [Worker-12: Se está construyendo el espacio de trabajo] INFO  o.e.m.c.i.embedder.EclipseLogger - Copying 0 resource
2022-02-25 22:08:35,167 [Worker-12: Se está construyendo el espacio de trabajo] INFO  o.e.m.c.i.embedder.EclipseLogger - Using 'UTF-8' encoding to copy filtered resources.
2022-02-25 22:08:35,197 [Worker-12: Se está construyendo el espacio de trabajo] INFO  o.e.m.c.i.embedder.EclipseLogger - Copying 1 resource
2022-02-25 22:08:35,200 [Worker-12: Se está construyendo el espacio de trabajo] INFO  o.e.m.c.i.embedder.EclipseLogger - Not copying test resources
2022-02-25 22:09:11,107 [Worker-12: Se está construyendo el espacio de trabajo] INFO  o.e.m.c.i.embedder.EclipseLogger - Using 'UTF-8' encoding to copy filtered resources.
2022-02-25 22:09:11,108 [Worker-12: Se está construyendo el espacio de trabajo] INFO  o.e.m.c.i.embedder.EclipseLogger - Copying 1 resource
2022-02-25 22:09:11,110 [Worker-12: Se está construyendo el espacio de trabajo] INFO  o.e.m.c.i.embedder.EclipseLogger - Not copying test resources
2022-02-25 22:10:06,737 [Worker-24: Se está construyendo el espacio de trabajo] INFO  o.e.m.c.i.embedder.EclipseLogger - Using 'UTF-8' encoding to copy filtered resources.
2022-02-25 22:10:06,738 [Worker-24: Se está construyendo el espacio de trabajo] INFO  o.e.m.c.i.embedder.EclipseLogger - Copying 1 resource
2022-02-25 22:10:06,740 [Worker-24: Se está construyendo el espacio de trabajo] INFO  o.e.m.c.i.embedder.EclipseLogger - Not copying test resources
2022-02-25 22:10:13,092 [Worker-21: Se está construyendo el espacio de trabajo] INFO  o.e.m.c.i.embedder.EclipseLogger - Using 'UTF-8' encoding to copy filtered resources.
2022-02-25 22:10:13,093 [Worker-21: Se está construyendo el espacio de trabajo] INFO  o.e.m.c.i.embedder.EclipseLogger - Copying 1 resource
2022-02-25 22:10:13,095 [Worker-21: Se está construyendo el espacio de trabajo] INFO  o.e.m.c.i.embedder.EclipseLogger - Not copying test resources
2022-02-25 22:10:43,784 [Worker-22: Se está construyendo el espacio de trabajo] INFO  o.e.m.c.i.embedder.EclipseLogger - Using 'UTF-8' encoding to copy filtered resources.
2022-02-25 22:10:43,786 [Worker-22: Se está construyendo el espacio de trabajo] INFO  o.e.m.c.i.embedder.EclipseLogger - Copying 1 resource
2022-02-25 22:10:43,789 [Worker-22: Se está construyendo el espacio de trabajo] INFO  o.e.m.c.i.embedder.EclipseLogger - Not copying test resources
2022-02-25 22:11:22,324 [Worker-22: Se está construyendo el espacio de trabajo] INFO  o.e.m.c.i.embedder.EclipseLogger - Using 'UTF-8' encoding to copy filtered resources.
2022-02-25 22:11:22,325 [Worker-22: Se está construyendo el espacio de trabajo] INFO  o.e.m.c.i.embedder.EclipseLogger - Copying 1 resource
2022-02-25 22:11:22,327 [Worker-22: Se está construyendo el espacio de trabajo] INFO  o.e.m.c.i.embedder.EclipseLogger - Not copying test resources
2022-02-25 22:12:24,254 [Worker-3: Se está construyendo el espacio de trabajo] INFO  o.e.m.c.i.embedder.EclipseLogger - Using 'UTF-8' encoding to copy filtered resources.
2022-02-25 22:12:24,255 [Worker-3: Se está construyendo el espacio de trabajo] INFO  o.e.m.c.i.embedder.EclipseLogger - Copying 1 resource
2022-02-25 22:12:24,258 [Worker-3: Se está construyendo el espacio de trabajo] INFO  o.e.m.c.i.embedder.EclipseLogger - Not copying test resources
2022-02-25 22:12:40,748 [Worker-12: Se está construyendo el espacio de trabajo] INFO  o.e.m.c.i.embedder.EclipseLogger - Using 'UTF-8' encoding to copy filtered resources.
2022-02-25 22:12:40,749 [Worker-12: Se está construyendo el espacio de trabajo] INFO  o.e.m.c.i.embedder.EclipseLogger - Copying 1 resource
2022-02-25 22:12:40,752 [Worker-12: Se está construyendo el espacio de trabajo] INFO  o.e.m.c.i.embedder.EclipseLogger - Not copying test resources
2022-02-25 22:12:49,365 [Worker-12: Se está construyendo el espacio de trabajo] INFO  o.e.m.c.i.embedder.EclipseLogger - Using 'UTF-8' encoding to copy filtered resources.
2022-02-25 22:12:49,366 [Worker-12: Se está construyendo el espacio de trabajo] INFO  o.e.m.c.i.embedder.EclipseLogger - Copying 1 resource
2022-02-25 22:12:49,369 [Worker-12: Se está construyendo el espacio de trabajo] INFO  o.e.m.c.i.embedder.EclipseLogger - Not copying test resources
2022-02-25 22:13:22,681 [Worker-24: Se está construyendo el espacio de trabajo] INFO  o.e.m.c.i.embedder.EclipseLogger - Using 'UTF-8' encoding to copy filtered resources.
2022-02-25 22:13:22,682 [Worker-24: Se está construyendo el espacio de trabajo] INFO  o.e.m.c.i.embedder.EclipseLogger - Copying 1 resource
2022-02-25 22:13:22,684 [Worker-24: Se está construyendo el espacio de trabajo] INFO  o.e.m.c.i.embedder.EclipseLogger - Not copying test resources
2022-02-25 22:13:28,877 [Worker-22: Se está construyendo el espacio de trabajo] INFO  o.e.m.c.i.embedder.EclipseLogger - Using 'UTF-8' encoding to copy filtered resources.
2022-02-25 22:13:28,878 [Worker-22: Se está construyendo el espacio de trabajo] INFO  o.e.m.c.i.embedder.EclipseLogger - Copying 1 resource
2022-02-25 22:13:28,879 [Worker-22: Se está construyendo el espacio de trabajo] INFO  o.e.m.c.i.embedder.EclipseLogger - Not copying test resources
2022-02-25 22:15:20,576 [Worker-21: Se está construyendo el espacio de trabajo] INFO  o.e.m.c.i.embedder.EclipseLogger - Using 'UTF-8' encoding to copy filtered resources.
2022-02-25 22:15:20,577 [Worker-21: Se está construyendo el espacio de trabajo] INFO  o.e.m.c.i.embedder.EclipseLogger - Copying 1 resource
2022-02-25 22:15:20,579 [Worker-21: Se está construyendo el espacio de trabajo] INFO  o.e.m.c.i.embedder.EclipseLogger - Not copying test resources
2022-02-25 22:19:56,182 [Worker-3: Updating Maven Project] INFO  o.e.m.c.i.p.ProjectConfigurationManager - Update started
2022-02-25 22:20:03,084 [Worker-3: Updating Maven Project] INFO  o.e.m.c.i.l.LifecycleMappingFactory - Using NULL lifecycle mapping for MavenProject: com.hbt:semillero:1.0-SNAPSHOT @ C:\Users\LENOVO\Desktop\repositorio\pruebasemillero\semillero-hbt\pom.xml.
2022-02-25 22:20:03,513 [Worker-3: Updating Maven Project] INFO  o.e.m.c.i.l.LifecycleMappingFactory - Using org.eclipse.m2e.jdt.JarLifecycleMapping lifecycle mapping for MavenProject: com.hbt.semillero.servicios:semillero-servicios:1.0-SNAPSHOT @ C:\Users\LENOVO\Desktop\repositorio\pruebasemillero\semillero-hbt\semillero-padre\semillero-servicios\pom.xml.
2022-02-25 22:20:03,598 [Worker-3: Updating Maven Project] INFO  o.e.m.c.i.l.LifecycleMappingFactory - Using org.eclipse.m2e.jdt.JarLifecycleMapping lifecycle mapping for MavenProject: com.hbt.semillero.web:semillero-web:1.0-SNAPSHOT @ C:\Users\LENOVO\Desktop\repositorio\pruebasemillero\semillero-hbt\semillero-padre\semillero-web\pom.xml.
2022-02-25 22:20:03,623 [Worker-3: Updating Maven Project] INFO  o.e.m.c.i.l.LifecycleMappingFactory - Using DEFAULT lifecycle mapping for MavenProject: com.hbt.semillero:semillero-ear:1.0-SNAPSHOT @ C:\Users\LENOVO\Desktop\repositorio\pruebasemillero\semillero-hbt\semillero-padre\semillero-ear\pom.xml.
2022-02-25 22:20:03,629 [Worker-3: Updating Maven Project] INFO  o.e.m.c.i.p.WorkspaceClassifierResolverManager - Resolving P/semillero-web: com.hbt.semillero.web:semillero-web:1.0-SNAPSHOT with classifier  to /semillero-web/target/classes
2022-02-25 22:20:03,629 [Worker-3: Updating Maven Project] INFO  o.e.m.c.i.p.WorkspaceClassifierResolverManager - Resolving P/semillero-servicios: com.hbt.semillero.servicios:semillero-servicios:1.0-SNAPSHOT with classifier  to /semillero-servicios/target/classes
2022-02-25 22:20:03,631 [Worker-3: Updating Maven Project] INFO  o.e.m.c.i.l.LifecycleMappingFactory - Using NULL lifecycle mapping for MavenProject: com.hbt.semillero:semillero-padre:1.0-SNAPSHOT @ C:\Users\LENOVO\Desktop\repositorio\pruebasemillero\semillero-hbt\semillero-padre\pom.xml.
2022-02-25 22:20:05,477 [Worker-3: Updating Maven Project] INFO  o.e.m.j.i.AbstractJavaProjectConfigurator - Adding source folder /semillero-servicios/src/main/java
2022-02-25 22:20:05,478 [Worker-3: Updating Maven Project] INFO  o.e.m.j.i.AbstractJavaProjectConfigurator - Adding resource folder /semillero-servicios/src/main/resources
2022-02-25 22:20:05,478 [Worker-3: Updating Maven Project] INFO  o.e.m.j.i.AbstractJavaProjectConfigurator - Adding source folder /semillero-servicios/src/test/java
2022-02-25 22:20:05,529 [Worker-3: Updating Maven Project] INFO  o.e.m.j.i.AbstractJavaProjectConfigurator - Adding source folder /semillero-web/src/main/java
2022-02-25 22:20:05,530 [Worker-3: Updating Maven Project] INFO  o.e.m.j.i.AbstractJavaProjectConfigurator - Adding source folder /semillero-web/src/test/java
2022-02-25 22:20:06,379 [Worker-3: Updating Maven Project] INFO  o.e.m.c.i.p.ProjectConfigurationManager - Update completed: 10 sec
2022-02-25 22:20:06,618 [Worker-26: Se está construyendo el espacio de trabajo] INFO  o.e.m.c.i.p.WorkspaceClassifierResolverManager - Resolving P/semillero-web: com.hbt.semillero.web:semillero-web:1.0-SNAPSHOT with classifier  to /semillero-web/target/classes
2022-02-25 22:20:06,618 [Worker-26: Se está construyendo el espacio de trabajo] INFO  o.e.m.c.i.p.WorkspaceClassifierResolverManager - Resolving P/semillero-servicios: com.hbt.semillero.servicios:semillero-servicios:1.0-SNAPSHOT with classifier  to /semillero-servicios/target/classes
2022-02-25 22:20:06,626 [Worker-26: Se está construyendo el espacio de trabajo] INFO  o.e.m.c.i.embedder.EclipseLogger - Using 'UTF-8' encoding to copy filtered resources.
2022-02-25 22:20:06,627 [Worker-26: Se está construyendo el espacio de trabajo] INFO  o.e.m.c.i.embedder.EclipseLogger - skip non existing resourceDirectory C:\Users\LENOVO\Desktop\repositorio\pruebasemillero\semillero-hbt\semillero-padre\semillero-ear\src\main\resources
2022-02-25 22:20:06,797 [Worker-26: Se está construyendo el espacio de trabajo] INFO  o.e.m.c.i.embedder.EclipseLogger - Using 'UTF-8' encoding to copy filtered resources.
2022-02-25 22:20:06,798 [Worker-26: Se está construyendo el espacio de trabajo] INFO  o.e.m.c.i.embedder.EclipseLogger - Copying 1 resource
2022-02-25 22:20:06,819 [Worker-26: Se está construyendo el espacio de trabajo] INFO  o.e.m.c.i.embedder.EclipseLogger - Not copying test resources
2022-02-25 22:20:06,841 [Worker-26: Se está construyendo el espacio de trabajo] INFO  o.e.m.c.i.embedder.EclipseLogger - Using 'UTF-8' encoding to copy filtered resources.
2022-02-25 22:20:06,842 [Worker-26: Se está construyendo el espacio de trabajo] INFO  o.e.m.c.i.embedder.EclipseLogger - skip non existing resourceDirectory C:\Users\LENOVO\Desktop\repositorio\pruebasemillero\semillero-hbt\semillero-padre\semillero-web\src\main\resources
2022-02-25 22:20:06,843 [Worker-26: Se está construyendo el espacio de trabajo] INFO  o.e.m.c.i.embedder.EclipseLogger - Not copying test resources
2022-02-25 22:20:06,849 [Worker-26: Se está construyendo el espacio de trabajo] INFO  o.e.m.c.i.embedder.EclipseLogger - Using 'UTF-8' encoding to copy filtered resources.
2022-02-25 22:20:06,851 [Worker-26: Se está construyendo el espacio de trabajo] INFO  o.e.m.c.i.embedder.EclipseLogger - Copying 69 resources
2022-02-25 22:20:56,855 [Worker-35: Se está construyendo el espacio de trabajo] INFO  o.e.m.c.i.embedder.EclipseLogger - Using 'UTF-8' encoding to copy filtered resources.
2022-02-25 22:20:56,857 [Worker-35: Se está construyendo el espacio de trabajo] INFO  o.e.m.c.i.embedder.EclipseLogger - Copying 1 resource
2022-02-25 22:20:56,861 [Worker-35: Se está construyendo el espacio de trabajo] INFO  o.e.m.c.i.embedder.EclipseLogger - Not copying test resources
2022-02-25 22:21:43,443 [Worker-34: Se está construyendo el espacio de trabajo] INFO  o.e.m.c.i.embedder.EclipseLogger - Using 'UTF-8' encoding to copy filtered resources.
2022-02-25 22:21:43,443 [Worker-34: Se está construyendo el espacio de trabajo] INFO  o.e.m.c.i.embedder.EclipseLogger - Copying 0 resource
2022-02-25 22:21:43,444 [Worker-34: Se está construyendo el espacio de trabajo] INFO  o.e.m.c.i.embedder.EclipseLogger - Not copying test resources
2022-02-25 22:22:30,401 [Worker-32: Se está construyendo el espacio de trabajo] INFO  o.e.m.c.i.embedder.EclipseLogger - Using 'UTF-8' encoding to copy filtered resources.
2022-02-25 22:22:30,401 [Worker-32: Se está construyendo el espacio de trabajo] INFO  o.e.m.c.i.embedder.EclipseLogger - Copying 0 resource
2022-02-25 22:22:30,402 [Worker-32: Se está construyendo el espacio de trabajo] INFO  o.e.m.c.i.embedder.EclipseLogger - Not copying test resources
2022-02-25 22:22:49,273 [Worker-3: Se está construyendo el espacio de trabajo] INFO  o.e.m.c.i.embedder.EclipseLogger - Using 'UTF-8' encoding to copy filtered resources.
2022-02-25 22:22:49,273 [Worker-3: Se está construyendo el espacio de trabajo] INFO  o.e.m.c.i.embedder.EclipseLogger - Copying 0 resource
2022-02-25 22:22:49,273 [Worker-3: Se está construyendo el espacio de trabajo] INFO  o.e.m.c.i.embedder.EclipseLogger - Not copying test resources
2022-02-25 22:24:06,745 [Worker-32: Updating Maven Project] INFO  o.e.m.c.i.p.ProjectConfigurationManager - Update started
2022-02-25 22:24:13,395 [Worker-32: Updating Maven Project] INFO  o.e.m.c.i.l.LifecycleMappingFactory - Using NULL lifecycle mapping for MavenProject: com.hbt:semillero:1.0-SNAPSHOT @ C:\Users\LENOVO\Desktop\repositorio\pruebasemillero\semillero-hbt\pom.xml.
2022-02-25 22:24:13,617 [Worker-32: Updating Maven Project] INFO  o.e.m.c.i.l.LifecycleMappingFactory - Using org.eclipse.m2e.jdt.JarLifecycleMapping lifecycle mapping for MavenProject: com.hbt.semillero.servicios:semillero-servicios:1.0-SNAPSHOT @ C:\Users\LENOVO\Desktop\repositorio\pruebasemillero\semillero-hbt\semillero-padre\semillero-servicios\pom.xml.
2022-02-25 22:24:13,673 [Worker-32: Updating Maven Project] INFO  o.e.m.c.i.l.LifecycleMappingFactory - Using org.eclipse.m2e.jdt.JarLifecycleMapping lifecycle mapping for MavenProject: com.hbt.semillero.web:semillero-web:1.0-SNAPSHOT @ C:\Users\LENOVO\Desktop\repositorio\pruebasemillero\semillero-hbt\semillero-padre\semillero-web\pom.xml.
2022-02-25 22:24:13,697 [Worker-32: Updating Maven Project] INFO  o.e.m.c.i.l.LifecycleMappingFactory - Using DEFAULT lifecycle mapping for MavenProject: com.hbt.semillero:semillero-ear:1.0-SNAPSHOT @ C:\Users\LENOVO\Desktop\repositorio\pruebasemillero\semillero-hbt\semillero-padre\semillero-ear\pom.xml.
2022-02-25 22:24:13,705 [Worker-32: Updating Maven Project] INFO  o.e.m.c.i.p.WorkspaceClassifierResolverManager - Resolving P/semillero-web: com.hbt.semillero.web:semillero-web:1.0-SNAPSHOT with classifier  to /semillero-web/target/classes
2022-02-25 22:24:13,705 [Worker-32: Updating Maven Project] INFO  o.e.m.c.i.p.WorkspaceClassifierResolverManager - Resolving P/semillero-servicios: com.hbt.semillero.servicios:semillero-servicios:1.0-SNAPSHOT with classifier  to /semillero-servicios/target/classes
2022-02-25 22:24:13,707 [Worker-32: Updating Maven Project] INFO  o.e.m.c.i.l.LifecycleMappingFactory - Using NULL lifecycle mapping for MavenProject: com.hbt.semillero:semillero-padre:1.0-SNAPSHOT @ C:\Users\LENOVO\Desktop\repositorio\pruebasemillero\semillero-hbt\semillero-padre\pom.xml.
2022-02-25 22:24:15,602 [Worker-32: Updating Maven Project] INFO  o.e.m.j.i.AbstractJavaProjectConfigurator - Adding source folder /semillero-servicios/src/main/java
2022-02-25 22:24:15,602 [Worker-32: Updating Maven Project] INFO  o.e.m.j.i.AbstractJavaProjectConfigurator - Adding resource folder /semillero-servicios/src/main/resources
2022-02-25 22:24:15,603 [Worker-32: Updating Maven Project] INFO  o.e.m.j.i.AbstractJavaProjectConfigurator - Adding source folder /semillero-servicios/src/test/java
2022-02-25 22:24:15,638 [Worker-32: Updating Maven Project] INFO  o.e.m.j.i.AbstractJavaProjectConfigurator - Adding source folder /semillero-web/src/main/java
2022-02-25 22:24:15,638 [Worker-32: Updating Maven Project] INFO  o.e.m.j.i.AbstractJavaProjectConfigurator - Adding source folder /semillero-web/src/test/java
2022-02-25 22:24:15,972 [Worker-32: Updating Maven Project] INFO  o.e.m.c.i.p.ProjectConfigurationManager - Update completed: 9 sec
2022-02-25 22:24:16,218 [Worker-21: Se está construyendo el espacio de trabajo] INFO  o.e.m.c.i.p.WorkspaceClassifierResolverManager - Resolving P/semillero-web: com.hbt.semillero.web:semillero-web:1.0-SNAPSHOT with classifier  to /semillero-web/target/classes
2022-02-25 22:24:16,218 [Worker-21: Se está construyendo el espacio de trabajo] INFO  o.e.m.c.i.p.WorkspaceClassifierResolverManager - Resolving P/semillero-servicios: com.hbt.semillero.servicios:semillero-servicios:1.0-SNAPSHOT with classifier  to /semillero-servicios/target/classes
2022-02-25 22:24:16,233 [Worker-21: Se está construyendo el espacio de trabajo] INFO  o.e.m.c.i.embedder.EclipseLogger - Using 'UTF-8' encoding to copy filtered resources.
2022-02-25 22:24:16,233 [Worker-21: Se está construyendo el espacio de trabajo] INFO  o.e.m.c.i.embedder.EclipseLogger - skip non existing resourceDirectory C:\Users\LENOVO\Desktop\repositorio\pruebasemillero\semillero-hbt\semillero-padre\semillero-ear\src\main\resources
2022-02-25 22:24:16,384 [Worker-21: Se está construyendo el espacio de trabajo] INFO  o.e.m.c.i.embedder.EclipseLogger - Using 'UTF-8' encoding to copy filtered resources.
2022-02-25 22:24:16,385 [Worker-21: Se está construyendo el espacio de trabajo] INFO  o.e.m.c.i.embedder.EclipseLogger - Copying 1 resource
2022-02-25 22:24:16,401 [Worker-21: Se está construyendo el espacio de trabajo] INFO  o.e.m.c.i.embedder.EclipseLogger - Not copying test resources
2022-02-25 22:24:16,423 [Worker-21: Se está construyendo el espacio de trabajo] INFO  o.e.m.c.i.embedder.EclipseLogger - Using 'UTF-8' encoding to copy filtered resources.
2022-02-25 22:24:16,423 [Worker-21: Se está construyendo el espacio de trabajo] INFO  o.e.m.c.i.embedder.EclipseLogger - skip non existing resourceDirectory C:\Users\LENOVO\Desktop\repositorio\pruebasemillero\semillero-hbt\semillero-padre\semillero-web\src\main\resources
2022-02-25 22:24:16,424 [Worker-21: Se está construyendo el espacio de trabajo] INFO  o.e.m.c.i.embedder.EclipseLogger - Not copying test resources
2022-02-25 22:24:16,428 [Worker-21: Se está construyendo el espacio de trabajo] INFO  o.e.m.c.i.embedder.EclipseLogger - Using 'UTF-8' encoding to copy filtered resources.
2022-02-25 22:24:16,432 [Worker-21: Se está construyendo el espacio de trabajo] INFO  o.e.m.c.i.embedder.EclipseLogger - Copying 69 resources
2022-02-25 22:24:32,259 [Worker-51: Se está construyendo el espacio de trabajo] INFO  o.e.m.c.i.embedder.EclipseLogger - Using 'UTF-8' encoding to copy filtered resources.
2022-02-25 22:24:32,260 [Worker-51: Se está construyendo el espacio de trabajo] INFO  o.e.m.c.i.embedder.EclipseLogger - Copying 0 resource
2022-02-25 22:24:32,261 [Worker-51: Se está construyendo el espacio de trabajo] INFO  o.e.m.c.i.embedder.EclipseLogger - Not copying test resources
2022-02-25 22:24:58,274 [Worker-52: Se está construyendo el espacio de trabajo] INFO  o.e.m.c.i.embedder.EclipseLogger - Using 'UTF-8' encoding to copy filtered resources.
2022-02-25 22:24:58,274 [Worker-52: Se está construyendo el espacio de trabajo] INFO  o.e.m.c.i.embedder.EclipseLogger - Copying 0 resource
2022-02-25 22:24:58,274 [Worker-52: Se está construyendo el espacio de trabajo] INFO  o.e.m.c.i.embedder.EclipseLogger - Not copying test resources
2022-02-25 22:25:14,751 [Worker-57: Se está construyendo el espacio de trabajo] INFO  o.e.m.c.i.embedder.EclipseLogger - Using 'UTF-8' encoding to copy filtered resources.
2022-02-25 22:25:14,751 [Worker-57: Se está construyendo el espacio de trabajo] INFO  o.e.m.c.i.embedder.EclipseLogger - Copying 0 resource
2022-02-25 22:25:14,752 [Worker-57: Se está construyendo el espacio de trabajo] INFO  o.e.m.c.i.embedder.EclipseLogger - Not copying test resources
2022-02-25 22:26:42,241 [Worker-52: Se está construyendo el espacio de trabajo] INFO  o.e.m.c.i.embedder.EclipseLogger - Using 'UTF-8' encoding to copy filtered resources.
2022-02-25 22:26:42,241 [Worker-52: Se está construyendo el espacio de trabajo] INFO  o.e.m.c.i.embedder.EclipseLogger - Copying 0 resource
2022-02-25 22:26:42,242 [Worker-52: Se está construyendo el espacio de trabajo] INFO  o.e.m.c.i.embedder.EclipseLogger - Not copying test resources
2022-02-25 22:39:04,827 [Worker-60: Se está construyendo el espacio de trabajo] INFO  o.e.m.c.i.embedder.EclipseLogger - Using 'UTF-8' encoding to copy filtered resources.
2022-02-25 22:39:04,828 [Worker-60: Se está construyendo el espacio de trabajo] INFO  o.e.m.c.i.embedder.EclipseLogger - Copying 0 resource
2022-02-25 22:39:04,830 [Worker-60: Se está construyendo el espacio de trabajo] INFO  o.e.m.c.i.embedder.EclipseLogger - Not copying test resources
2022-02-25 22:52:51,903 [Worker-65: Se está construyendo el espacio de trabajo] INFO  o.e.m.c.i.embedder.EclipseLogger - Using 'UTF-8' encoding to copy filtered resources.
2022-02-25 22:52:51,903 [Worker-65: Se está construyendo el espacio de trabajo] INFO  o.e.m.c.i.embedder.EclipseLogger - Copying 0 resource
2022-02-25 22:52:51,903 [Worker-65: Se está construyendo el espacio de trabajo] INFO  o.e.m.c.i.embedder.EclipseLogger - Not copying test resources
2022-02-25 22:52:56,280 [Worker-50: Se está construyendo el espacio de trabajo] INFO  o.e.m.c.i.embedder.EclipseLogger - Using 'UTF-8' encoding to copy filtered resources.
2022-02-25 22:52:56,281 [Worker-50: Se está construyendo el espacio de trabajo] INFO  o.e.m.c.i.embedder.EclipseLogger - Copying 0 resource
2022-02-25 22:52:56,282 [Worker-50: Se está construyendo el espacio de trabajo] INFO  o.e.m.c.i.embedder.EclipseLogger - Not copying test resources
2022-02-25 23:14:44,826 [Worker-69: Se está construyendo el espacio de trabajo] INFO  o.e.m.c.i.embedder.EclipseLogger - Using 'UTF-8' encoding to copy filtered resources.
2022-02-25 23:14:44,826 [Worker-69: Se está construyendo el espacio de trabajo] INFO  o.e.m.c.i.embedder.EclipseLogger - Copying 0 resource
2022-02-25 23:14:44,827 [Worker-69: Se está construyendo el espacio de trabajo] INFO  o.e.m.c.i.embedder.EclipseLogger - Not copying test resources
2022-02-25 23:14:53,075 [Worker-70: Se está construyendo el espacio de trabajo] INFO  o.e.m.c.i.embedder.EclipseLogger - Using 'UTF-8' encoding to copy filtered resources.
2022-02-25 23:14:53,076 [Worker-70: Se está construyendo el espacio de trabajo] INFO  o.e.m.c.i.embedder.EclipseLogger - Copying 0 resource
2022-02-25 23:14:53,077 [Worker-70: Se está construyendo el espacio de trabajo] INFO  o.e.m.c.i.embedder.EclipseLogger - Not copying test resources
2022-02-25 23:31:39,489 [Worker-73: Se está construyendo el espacio de trabajo] INFO  o.e.m.c.i.embedder.EclipseLogger - Using 'UTF-8' encoding to copy filtered resources.
2022-02-25 23:31:39,490 [Worker-73: Se está construyendo el espacio de trabajo] INFO  o.e.m.c.i.embedder.EclipseLogger - Copying 0 resource
2022-02-25 23:31:39,490 [Worker-73: Se está construyendo el espacio de trabajo] INFO  o.e.m.c.i.embedder.EclipseLogger - Not copying test resources
2022-02-25 23:37:50,038 [Worker-69: Se está construyendo el espacio de trabajo] INFO  o.e.m.c.i.embedder.EclipseLogger - Using 'UTF-8' encoding to copy filtered resources.
2022-02-25 23:37:50,039 [Worker-69: Se está construyendo el espacio de trabajo] INFO  o.e.m.c.i.embedder.EclipseLogger - Copying 0 resource
2022-02-25 23:37:50,039 [Worker-69: Se está construyendo el espacio de trabajo] INFO  o.e.m.c.i.embedder.EclipseLogger - Not copying test resources
2022-02-25 23:37:54,168 [Worker-76: Se está construyendo el espacio de trabajo] INFO  o.e.m.c.i.embedder.EclipseLogger - Using 'UTF-8' encoding to copy filtered resources.
2022-02-25 23:37:54,168 [Worker-76: Se está construyendo el espacio de trabajo] INFO  o.e.m.c.i.embedder.EclipseLogger - Copying 0 resource
2022-02-25 23:37:54,169 [Worker-76: Se está construyendo el espacio de trabajo] INFO  o.e.m.c.i.embedder.EclipseLogger - Not copying test resources
2022-02-25 23:38:09,971 [Worker-74: Se está construyendo el espacio de trabajo] INFO  o.e.m.c.i.embedder.EclipseLogger - Using 'UTF-8' encoding to copy filtered resources.
2022-02-25 23:38:09,971 [Worker-74: Se está construyendo el espacio de trabajo] INFO  o.e.m.c.i.embedder.EclipseLogger - Copying 0 resource
2022-02-25 23:38:09,972 [Worker-74: Se está construyendo el espacio de trabajo] INFO  o.e.m.c.i.embedder.EclipseLogger - Not copying test resources
2022-02-25 23:39:41,290 [Worker-72: Updating Maven Project] INFO  o.e.m.c.i.p.ProjectConfigurationManager - Update started
2022-02-25 23:39:41,391 [Worker-72: Updating Maven Project] INFO  o.e.m.c.i.l.LifecycleMappingFactory - Using org.eclipse.m2e.jdt.JarLifecycleMapping lifecycle mapping for MavenProject: com.hbt.semillero.servicios:semillero-servicios:1.0-SNAPSHOT @ C:\Users\LENOVO\Desktop\repositorio\pruebasemillero\semillero-hbt\semillero-padre\semillero-servicios\pom.xml.
2022-02-25 23:39:41,449 [Worker-72: Updating Maven Project] INFO  o.e.m.c.i.l.LifecycleMappingFactory - Using DEFAULT lifecycle mapping for MavenProject: com.hbt.semillero:semillero-ear:1.0-SNAPSHOT @ C:\Users\LENOVO\Desktop\repositorio\pruebasemillero\semillero-hbt\semillero-padre\semillero-ear\pom.xml.
2022-02-25 23:39:41,455 [Worker-72: Updating Maven Project] INFO  o.e.m.c.i.p.WorkspaceClassifierResolverManager - Resolving P/semillero-web: com.hbt.semillero.web:semillero-web:1.0-SNAPSHOT with classifier  to /semillero-web/target/classes
2022-02-25 23:39:41,455 [Worker-72: Updating Maven Project] INFO  o.e.m.c.i.p.WorkspaceClassifierResolverManager - Resolving P/semillero-servicios: com.hbt.semillero.servicios:semillero-servicios:1.0-SNAPSHOT with classifier  to /semillero-servicios/target/classes
2022-02-25 23:39:41,494 [Worker-72: Updating Maven Project] INFO  o.e.m.j.i.AbstractJavaProjectConfigurator - Adding source folder /semillero-servicios/src/main/java
2022-02-25 23:39:41,494 [Worker-72: Updating Maven Project] INFO  o.e.m.j.i.AbstractJavaProjectConfigurator - Adding resource folder /semillero-servicios/src/main/resources
2022-02-25 23:39:41,495 [Worker-72: Updating Maven Project] INFO  o.e.m.j.i.AbstractJavaProjectConfigurator - Adding source folder /semillero-servicios/src/test/java
2022-02-25 23:39:41,605 [Worker-72: Updating Maven Project] INFO  o.e.m.c.i.p.ProjectConfigurationManager - Update completed: 0 sec
2022-02-25 23:39:41,753 [Worker-78: Se está construyendo el espacio de trabajo] INFO  o.e.m.c.i.p.WorkspaceClassifierResolverManager - Resolving P/semillero-web: com.hbt.semillero.web:semillero-web:1.0-SNAPSHOT with classifier  to /semillero-web/target/classes
2022-02-25 23:39:41,754 [Worker-78: Se está construyendo el espacio de trabajo] INFO  o.e.m.c.i.p.WorkspaceClassifierResolverManager - Resolving P/semillero-servicios: com.hbt.semillero.servicios:semillero-servicios:1.0-SNAPSHOT with classifier  to /semillero-servicios/target/classes
2022-02-25 23:39:41,757 [Worker-78: Se está construyendo el espacio de trabajo] INFO  o.e.m.c.i.embedder.EclipseLogger - Using 'UTF-8' encoding to copy filtered resources.
2022-02-25 23:39:41,757 [Worker-78: Se está construyendo el espacio de trabajo] INFO  o.e.m.c.i.embedder.EclipseLogger - skip non existing resourceDirectory C:\Users\LENOVO\Desktop\repositorio\pruebasemillero\semillero-hbt\semillero-padre\semillero-ear\src\main\resources
2022-02-25 23:39:41,913 [Worker-78: Se está construyendo el espacio de trabajo] INFO  o.e.m.c.i.embedder.EclipseLogger - Using 'UTF-8' encoding to copy filtered resources.
2022-02-25 23:39:41,913 [Worker-78: Se está construyendo el espacio de trabajo] INFO  o.e.m.c.i.embedder.EclipseLogger - Copying 1 resource
2022-02-25 23:39:41,916 [Worker-78: Se está construyendo el espacio de trabajo] INFO  o.e.m.c.i.embedder.EclipseLogger - Not copying test resources
2022-02-25 23:40:26,244 [Worker-74: Updating Maven Project] INFO  o.e.m.c.i.p.ProjectConfigurationManager - Update started
2022-02-25 23:40:30,417 [Worker-74: Updating Maven Project] INFO  o.e.m.c.i.l.LifecycleMappingFactory - Using org.eclipse.m2e.jdt.JarLifecycleMapping lifecycle mapping for MavenProject: com.hbt.semillero.servicios:semillero-servicios:1.0-SNAPSHOT @ C:\Users\LENOVO\Desktop\repositorio\pruebasemillero\semillero-hbt\semillero-padre\semillero-servicios\pom.xml.
2022-02-25 23:40:30,473 [Worker-74: Updating Maven Project] INFO  o.e.m.c.i.l.LifecycleMappingFactory - Using org.eclipse.m2e.jdt.JarLifecycleMapping lifecycle mapping for MavenProject: com.hbt.semillero.web:semillero-web:1.0-SNAPSHOT @ C:\Users\LENOVO\Desktop\repositorio\pruebasemillero\semillero-hbt\semillero-padre\semillero-web\pom.xml.
2022-02-25 23:40:30,493 [Worker-74: Updating Maven Project] INFO  o.e.m.c.i.l.LifecycleMappingFactory - Using DEFAULT lifecycle mapping for MavenProject: com.hbt.semillero:semillero-ear:1.0-SNAPSHOT @ C:\Users\LENOVO\Desktop\repositorio\pruebasemillero\semillero-hbt\semillero-padre\semillero-ear\pom.xml.
2022-02-25 23:40:30,499 [Worker-74: Updating Maven Project] INFO  o.e.m.c.i.p.WorkspaceClassifierResolverManager - Resolving P/semillero-web: com.hbt.semillero.web:semillero-web:1.0-SNAPSHOT with classifier  to /semillero-web/target/classes
2022-02-25 23:40:30,499 [Worker-74: Updating Maven Project] INFO  o.e.m.c.i.p.WorkspaceClassifierResolverManager - Resolving P/semillero-servicios: com.hbt.semillero.servicios:semillero-servicios:1.0-SNAPSHOT with classifier  to /semillero-servicios/target/classes
2022-02-25 23:40:30,502 [Worker-74: Updating Maven Project] INFO  o.e.m.c.i.l.LifecycleMappingFactory - Using NULL lifecycle mapping for MavenProject: com.hbt.semillero:semillero-padre:1.0-SNAPSHOT @ C:\Users\LENOVO\Desktop\repositorio\pruebasemillero\semillero-hbt\semillero-padre\pom.xml.
2022-02-25 23:40:31,205 [Worker-74: Updating Maven Project] INFO  o.e.m.j.i.AbstractJavaProjectConfigurator - Adding source folder /semillero-servicios/src/main/java
2022-02-25 23:40:31,206 [Worker-74: Updating Maven Project] INFO  o.e.m.j.i.AbstractJavaProjectConfigurator - Adding resource folder /semillero-servicios/src/main/resources
2022-02-25 23:40:31,206 [Worker-74: Updating Maven Project] INFO  o.e.m.j.i.AbstractJavaProjectConfigurator - Adding source folder /semillero-servicios/src/test/java
2022-02-25 23:40:31,238 [Worker-74: Updating Maven Project] INFO  o.e.m.j.i.AbstractJavaProjectConfigurator - Adding source folder /semillero-web/src/main/java
2022-02-25 23:40:31,238 [Worker-74: Updating Maven Project] INFO  o.e.m.j.i.AbstractJavaProjectConfigurator - Adding source folder /semillero-web/src/test/java
2022-02-25 23:40:31,973 [Worker-74: Updating Maven Project] INFO  o.e.m.c.i.p.ProjectConfigurationManager - Update completed: 5 sec
2022-02-25 23:40:32,117 [Worker-79: Se está construyendo el espacio de trabajo] INFO  o.e.m.c.i.p.WorkspaceClassifierResolverManager - Resolving P/semillero-web: com.hbt.semillero.web:semillero-web:1.0-SNAPSHOT with classifier  to /semillero-web/target/classes
2022-02-25 23:40:32,118 [Worker-79: Se está construyendo el espacio de trabajo] INFO  o.e.m.c.i.p.WorkspaceClassifierResolverManager - Resolving P/semillero-servicios: com.hbt.semillero.servicios:semillero-servicios:1.0-SNAPSHOT with classifier  to /semillero-servicios/target/classes
2022-02-25 23:40:32,133 [Worker-79: Se está construyendo el espacio de trabajo] INFO  o.e.m.c.i.embedder.EclipseLogger - Using 'UTF-8' encoding to copy filtered resources.
2022-02-25 23:40:32,133 [Worker-79: Se está construyendo el espacio de trabajo] INFO  o.e.m.c.i.embedder.EclipseLogger - skip non existing resourceDirectory C:\Users\LENOVO\Desktop\repositorio\pruebasemillero\semillero-hbt\semillero-padre\semillero-ear\src\main\resources
2022-02-25 23:40:32,357 [Worker-79: Se está construyendo el espacio de trabajo] INFO  o.e.m.c.i.embedder.EclipseLogger - Using 'UTF-8' encoding to copy filtered resources.
2022-02-25 23:40:32,358 [Worker-79: Se está construyendo el espacio de trabajo] INFO  o.e.m.c.i.embedder.EclipseLogger - Copying 1 resource
2022-02-25 23:40:32,374 [Worker-79: Se está construyendo el espacio de trabajo] INFO  o.e.m.c.i.embedder.EclipseLogger - Not copying test resources
2022-02-25 23:40:32,392 [Worker-79: Se está construyendo el espacio de trabajo] INFO  o.e.m.c.i.embedder.EclipseLogger - Using 'UTF-8' encoding to copy filtered resources.
2022-02-25 23:40:32,392 [Worker-79: Se está construyendo el espacio de trabajo] INFO  o.e.m.c.i.embedder.EclipseLogger - skip non existing resourceDirectory C:\Users\LENOVO\Desktop\repositorio\pruebasemillero\semillero-hbt\semillero-padre\semillero-web\src\main\resources
2022-02-25 23:40:32,393 [Worker-79: Se está construyendo el espacio de trabajo] INFO  o.e.m.c.i.embedder.EclipseLogger - Not copying test resources
2022-02-25 23:40:32,395 [Worker-79: Se está construyendo el espacio de trabajo] INFO  o.e.m.c.i.embedder.EclipseLogger - Using 'UTF-8' encoding to copy filtered resources.
2022-02-25 23:40:32,397 [Worker-79: Se está construyendo el espacio de trabajo] INFO  o.e.m.c.i.embedder.EclipseLogger - Copying 69 resources
2022-02-25 23:41:10,166 [Worker-79: Se está construyendo el espacio de trabajo] INFO  o.e.m.c.i.l.LifecycleMappingFactory - Using org.eclipse.m2e.jdt.JarLifecycleMapping lifecycle mapping for MavenProject: com.hbt.semillero.servicios:semillero-servicios:1.0-SNAPSHOT @ C:\Users\LENOVO\Desktop\repositorio\pruebasemillero\semillero-hbt\semillero-padre\semillero-servicios\pom.xml.
2022-02-25 23:41:10,669 [AetherRepositoryConnector-repo.maven.apache.org-0-4] INFO  o.e.m.c.i.e.AbstractTransferListenerAdapter - Downloading https://repo.maven.apache.org/maven2/com/beust/jcommander/1.27/jcommander-1.27.jar
2022-02-25 23:41:10,683 [AetherRepositoryConnector-repo.maven.apache.org-0-1] INFO  o.e.m.c.i.e.AbstractTransferListenerAdapter - Downloading https://repo.maven.apache.org/maven2/junit/junit/4.10/junit-4.10.jar
2022-02-25 23:41:10,684 [AetherRepositoryConnector-repo.maven.apache.org-0-2] INFO  o.e.m.c.i.e.AbstractTransferListenerAdapter - Downloading https://repo.maven.apache.org/maven2/org/hamcrest/hamcrest-core/1.1/hamcrest-core-1.1.jar
2022-02-25 23:41:10,683 [AetherRepositoryConnector-repo.maven.apache.org-0-3] INFO  o.e.m.c.i.e.AbstractTransferListenerAdapter - Downloading https://repo.maven.apache.org/maven2/org/beanshell/bsh/2.0b4/bsh-2.0b4.jar
2022-02-25 23:41:10,743 [AetherRepositoryConnector-repo.maven.apache.org-0-0] INFO  o.e.m.c.i.e.AbstractTransferListenerAdapter - Downloading https://repo.maven.apache.org/maven2/org/testng/testng/6.8/testng-6.8.jar
2022-02-25 23:41:10,956 [AetherRepositoryConnector-repo.maven.apache.org-0-4] INFO  o.e.m.c.i.e.AbstractTransferListenerAdapter - Downloaded https://repo.maven.apache.org/maven2/com/beust/jcommander/1.27/jcommander-1.27.jar
2022-02-25 23:41:11,083 [AetherRepositoryConnector-repo.maven.apache.org-0-2] INFO  o.e.m.c.i.e.AbstractTransferListenerAdapter - Downloaded https://repo.maven.apache.org/maven2/org/hamcrest/hamcrest-core/1.1/hamcrest-core-1.1.jar
2022-02-25 23:41:11,091 [AetherRepositoryConnector-repo.maven.apache.org-0-4] INFO  o.e.m.c.i.e.AbstractTransferListenerAdapter - Downloading https://repo.maven.apache.org/maven2/org/yaml/snakeyaml/1.6/snakeyaml-1.6.jar
2022-02-25 23:41:11,095 [AetherRepositoryConnector-repo.maven.apache.org-0-3] INFO  o.e.m.c.i.e.AbstractTransferListenerAdapter - Downloaded https://repo.maven.apache.org/maven2/org/beanshell/bsh/2.0b4/bsh-2.0b4.jar
2022-02-25 23:41:11,117 [AetherRepositoryConnector-repo.maven.apache.org-0-1] INFO  o.e.m.c.i.e.AbstractTransferListenerAdapter - Downloaded https://repo.maven.apache.org/maven2/junit/junit/4.10/junit-4.10.jar
2022-02-25 23:41:11,184 [AetherRepositoryConnector-repo.maven.apache.org-0-0] INFO  o.e.m.c.i.e.AbstractTransferListenerAdapter - Downloaded https://repo.maven.apache.org/maven2/org/testng/testng/6.8/testng-6.8.jar
2022-02-25 23:41:11,254 [AetherRepositoryConnector-repo.maven.apache.org-0-4] INFO  o.e.m.c.i.e.AbstractTransferListenerAdapter - Downloaded https://repo.maven.apache.org/maven2/org/yaml/snakeyaml/1.6/snakeyaml-1.6.jar
2022-02-25 23:41:11,292 [Worker-79: Se está construyendo el espacio de trabajo] INFO  o.e.m.c.i.l.LifecycleMappingFactory - Using DEFAULT lifecycle mapping for MavenProject: com.hbt.semillero:semillero-ear:1.0-SNAPSHOT @ C:\Users\LENOVO\Desktop\repositorio\pruebasemillero\semillero-hbt\semillero-padre\semillero-ear\pom.xml.
2022-02-25 23:41:11,296 [Worker-79: Se está construyendo el espacio de trabajo] INFO  o.e.m.c.i.p.WorkspaceClassifierResolverManager - Resolving P/semillero-web: com.hbt.semillero.web:semillero-web:1.0-SNAPSHOT with classifier  to /semillero-web/target/classes
2022-02-25 23:41:11,296 [Worker-79: Se está construyendo el espacio de trabajo] INFO  o.e.m.c.i.p.WorkspaceClassifierResolverManager - Resolving P/semillero-servicios: com.hbt.semillero.servicios:semillero-servicios:1.0-SNAPSHOT with classifier  to /semillero-servicios/target/classes
2022-02-25 23:41:11,347 [Worker-79: Se está construyendo el espacio de trabajo] INFO  o.e.m.c.i.embedder.EclipseLogger - Using 'UTF-8' encoding to copy filtered resources.
2022-02-25 23:41:11,347 [Worker-79: Se está construyendo el espacio de trabajo] INFO  o.e.m.c.i.embedder.EclipseLogger - Copying 0 resource
2022-02-25 23:41:11,348 [Worker-79: Se está construyendo el espacio de trabajo] INFO  o.e.m.c.i.embedder.EclipseLogger - Not copying test resources
2022-02-25 23:41:11,613 [Worker-80: Se está construyendo el espacio de trabajo] INFO  o.e.m.c.i.l.LifecycleMappingFactory - Using NULL lifecycle mapping for MavenProject: com.hbt:semillero:1.0-SNAPSHOT @ C:\Users\LENOVO\Desktop\repositorio\pruebasemillero\semillero-hbt\pom.xml.
2022-02-25 23:41:11,829 [Worker-80: Se está construyendo el espacio de trabajo] INFO  o.e.m.c.i.l.LifecycleMappingFactory - Using org.eclipse.m2e.jdt.JarLifecycleMapping lifecycle mapping for MavenProject: com.hbt.semillero.servicios:semillero-servicios:1.0-SNAPSHOT @ C:\Users\LENOVO\Desktop\repositorio\pruebasemillero\semillero-hbt\semillero-padre\semillero-servicios\pom.xml.
2022-02-25 23:41:11,938 [Worker-80: Se está construyendo el espacio de trabajo] INFO  o.e.m.c.i.l.LifecycleMappingFactory - Using org.eclipse.m2e.jdt.JarLifecycleMapping lifecycle mapping for MavenProject: com.hbt.semillero.web:semillero-web:1.0-SNAPSHOT @ C:\Users\LENOVO\Desktop\repositorio\pruebasemillero\semillero-hbt\semillero-padre\semillero-web\pom.xml.
2022-02-25 23:41:11,964 [Worker-80: Se está construyendo el espacio de trabajo] INFO  o.e.m.c.i.l.LifecycleMappingFactory - Using DEFAULT lifecycle mapping for MavenProject: com.hbt.semillero:semillero-ear:1.0-SNAPSHOT @ C:\Users\LENOVO\Desktop\repositorio\pruebasemillero\semillero-hbt\semillero-padre\semillero-ear\pom.xml.
2022-02-25 23:41:11,969 [Worker-80: Se está construyendo el espacio de trabajo] INFO  o.e.m.c.i.p.WorkspaceClassifierResolverManager - Resolving P/semillero-web: com.hbt.semillero.web:semillero-web:1.0-SNAPSHOT with classifier  to /semillero-web/target/classes
2022-02-25 23:41:11,970 [Worker-80: Se está construyendo el espacio de trabajo] INFO  o.e.m.c.i.p.WorkspaceClassifierResolverManager - Resolving P/semillero-servicios: com.hbt.semillero.servicios:semillero-servicios:1.0-SNAPSHOT with classifier  to /semillero-servicios/target/classes
2022-02-25 23:41:11,971 [Worker-80: Se está construyendo el espacio de trabajo] INFO  o.e.m.c.i.l.LifecycleMappingFactory - Using NULL lifecycle mapping for MavenProject: com.hbt.semillero:semillero-padre:1.0-SNAPSHOT @ C:\Users\LENOVO\Desktop\repositorio\pruebasemillero\semillero-hbt\semillero-padre\pom.xml.
2022-02-25 23:41:12,339 [Worker-80: Se está construyendo el espacio de trabajo] INFO  o.e.m.c.i.embedder.EclipseLogger - Using 'UTF-8' encoding to copy filtered resources.
2022-02-25 23:41:12,343 [Worker-80: Se está construyendo el espacio de trabajo] INFO  o.e.m.c.i.embedder.EclipseLogger - Copying 1 resource
2022-02-25 23:41:12,356 [Worker-80: Se está construyendo el espacio de trabajo] INFO  o.e.m.c.i.embedder.EclipseLogger - Not copying test resources
2022-02-25 23:41:12,370 [Worker-80: Se está construyendo el espacio de trabajo] INFO  o.e.m.c.i.embedder.EclipseLogger - Using 'UTF-8' encoding to copy filtered resources.
2022-02-25 23:41:12,370 [Worker-80: Se está construyendo el espacio de trabajo] INFO  o.e.m.c.i.embedder.EclipseLogger - skip non existing resourceDirectory C:\Users\LENOVO\Desktop\repositorio\pruebasemillero\semillero-hbt\semillero-padre\semillero-web\src\main\resources
2022-02-25 23:41:12,371 [Worker-80: Se está construyendo el espacio de trabajo] INFO  o.e.m.c.i.embedder.EclipseLogger - Not copying test resources
2022-02-25 23:41:12,374 [Worker-80: Se está construyendo el espacio de trabajo] INFO  o.e.m.c.i.embedder.EclipseLogger - Using 'UTF-8' encoding to copy filtered resources.
2022-02-25 23:41:12,375 [Worker-80: Se está construyendo el espacio de trabajo] INFO  o.e.m.c.i.embedder.EclipseLogger - Copying 0 resource
2022-02-25 23:41:12,627 [Worker-77: Download sources and javadoc] INFO  o.e.m.c.i.e.AbstractTransferListenerAdapter - Downloading https://repo.maven.apache.org/maven2/org/testng/testng/6.8/testng-6.8-sources.jar
2022-02-25 23:41:12,925 [Worker-77: Download sources and javadoc] INFO  o.e.m.c.i.e.AbstractTransferListenerAdapter - Downloaded https://repo.maven.apache.org/maven2/org/testng/testng/6.8/testng-6.8-sources.jar
2022-02-25 23:41:12,928 [Worker-77: Download sources and javadoc] INFO  o.e.m.j.internal.DownloadSourcesJob - Downloaded sources for org.testng:testng:6.8
2022-02-25 23:41:13,207 [Worker-77: Download sources and javadoc] INFO  o.e.m.c.i.e.AbstractTransferListenerAdapter - Downloading https://repo.maven.apache.org/maven2/junit/junit/4.10/junit-4.10-sources.jar
2022-02-25 23:41:13,406 [Worker-77: Download sources and javadoc] INFO  o.e.m.c.i.e.AbstractTransferListenerAdapter - Downloaded https://repo.maven.apache.org/maven2/junit/junit/4.10/junit-4.10-sources.jar
2022-02-25 23:41:13,409 [Worker-77: Download sources and javadoc] INFO  o.e.m.j.internal.DownloadSourcesJob - Downloaded sources for junit:junit:4.10
2022-02-25 23:41:13,676 [Worker-77: Download sources and javadoc] INFO  o.e.m.c.i.e.AbstractTransferListenerAdapter - Downloading https://repo.maven.apache.org/maven2/org/hamcrest/hamcrest-core/1.1/hamcrest-core-1.1-sources.jar
2022-02-25 23:41:13,804 [Worker-77: Download sources and javadoc] INFO  o.e.m.c.i.e.AbstractTransferListenerAdapter - Downloaded https://repo.maven.apache.org/maven2/org/hamcrest/hamcrest-core/1.1/hamcrest-core-1.1-sources.jar
2022-02-25 23:41:13,808 [Worker-77: Download sources and javadoc] INFO  o.e.m.j.internal.DownloadSourcesJob - Downloaded sources for org.hamcrest:hamcrest-core:1.1
2022-02-25 23:41:14,100 [Worker-77: Download sources and javadoc] INFO  o.e.m.c.i.e.AbstractTransferListenerAdapter - Downloaded https://repo.maven.apache.org/maven2/org/beanshell/bsh/2.0b4/bsh-2.0b4-sources.jar
2022-02-25 23:41:14,114 [Worker-77: Download sources and javadoc] ERROR o.e.m.j.internal.DownloadSourcesJob - Could not download sources for org.beanshell:bsh:2.0b4
org.eclipse.core.runtime.CoreException: Could not resolve artifact org.beanshell:bsh:jar:sources:2.0b4
	at org.eclipse.m2e.core.internal.embedder.MavenImpl.lambda$4(MavenImpl.java:828)
	at org.eclipse.m2e.core.internal.embedder.MavenExecutionContext.executeBare(MavenExecutionContext.java:182)
	at org.eclipse.m2e.core.internal.embedder.MavenExecutionContext.execute(MavenExecutionContext.java:117)
	at org.eclipse.m2e.core.internal.embedder.MavenExecutionContext.execute(MavenExecutionContext.java:103)
	at org.eclipse.m2e.core.internal.embedder.MavenImpl.resolve(MavenImpl.java:796)
	at org.eclipse.m2e.core.internal.embedder.MavenImpl.resolve(MavenImpl.java:773)
	at org.eclipse.m2e.jdt.internal.DownloadSourcesJob.download(DownloadSourcesJob.java:311)
	at org.eclipse.m2e.jdt.internal.DownloadSourcesJob.downloadAttachments(DownloadSourcesJob.java:285)
	at org.eclipse.m2e.jdt.internal.DownloadSourcesJob.downloadMaven(DownloadSourcesJob.java:255)
	at org.eclipse.m2e.jdt.internal.DownloadSourcesJob.downloadFilesAndPopulateToUpdate(DownloadSourcesJob.java:223)
	at org.eclipse.m2e.jdt.internal.DownloadSourcesJob.lambda$0(DownloadSourcesJob.java:152)
	at org.eclipse.m2e.core.internal.embedder.MavenExecutionContext.executeBare(MavenExecutionContext.java:182)
	at org.eclipse.m2e.core.internal.embedder.MavenExecutionContext.execute(MavenExecutionContext.java:156)
	at org.eclipse.m2e.core.internal.embedder.MavenExecutionContext.execute(MavenExecutionContext.java:103)
	at org.eclipse.m2e.core.internal.embedder.MavenImpl.execute(MavenImpl.java:1416)
	at org.eclipse.m2e.jdt.internal.DownloadSourcesJob.run(DownloadSourcesJob.java:152)
	at org.eclipse.core.internal.jobs.Worker.run(Worker.java:63)
2022-02-25 23:41:14,389 [Worker-77: Download sources and javadoc] INFO  o.e.m.c.i.e.AbstractTransferListenerAdapter - Downloading https://repo.maven.apache.org/maven2/com/beust/jcommander/1.27/jcommander-1.27-sources.jar
2022-02-25 23:41:14,529 [Worker-77: Download sources and javadoc] INFO  o.e.m.c.i.e.AbstractTransferListenerAdapter - Downloaded https://repo.maven.apache.org/maven2/com/beust/jcommander/1.27/jcommander-1.27-sources.jar
2022-02-25 23:41:14,533 [Worker-77: Download sources and javadoc] INFO  o.e.m.j.internal.DownloadSourcesJob - Downloaded sources for com.beust:jcommander:1.27
2022-02-25 23:41:14,812 [Worker-77: Download sources and javadoc] INFO  o.e.m.c.i.e.AbstractTransferListenerAdapter - Downloading https://repo.maven.apache.org/maven2/org/yaml/snakeyaml/1.6/snakeyaml-1.6-sources.jar
2022-02-25 23:41:15,015 [Worker-77: Download sources and javadoc] INFO  o.e.m.c.i.e.AbstractTransferListenerAdapter - Downloaded https://repo.maven.apache.org/maven2/org/yaml/snakeyaml/1.6/snakeyaml-1.6-sources.jar
2022-02-25 23:41:15,019 [Worker-77: Download sources and javadoc] INFO  o.e.m.j.internal.DownloadSourcesJob - Downloaded sources for org.yaml:snakeyaml:1.6
2022-02-25 23:41:15,178 [Worker-80: Se está construyendo el espacio de trabajo] INFO  o.e.m.c.i.embedder.EclipseLogger - Using 'UTF-8' encoding to copy filtered resources.
2022-02-25 23:41:15,178 [Worker-80: Se está construyendo el espacio de trabajo] INFO  o.e.m.c.i.embedder.EclipseLogger - Copying 0 resource
2022-02-25 23:41:15,180 [Worker-80: Se está construyendo el espacio de trabajo] INFO  o.e.m.c.i.embedder.EclipseLogger - Not copying test resources
2022-02-25 23:41:28,300 [Worker-77: Updating Maven Project] INFO  o.e.m.c.i.p.ProjectConfigurationManager - Update started
2022-02-25 23:41:28,541 [Worker-77: Updating Maven Project] INFO  o.e.m.c.i.l.LifecycleMappingFactory - Using org.eclipse.m2e.jdt.JarLifecycleMapping lifecycle mapping for MavenProject: com.hbt.semillero.servicios:semillero-servicios:1.0-SNAPSHOT @ C:\Users\LENOVO\Desktop\repositorio\pruebasemillero\semillero-hbt\semillero-padre\semillero-servicios\pom.xml.
2022-02-25 23:41:28,598 [Worker-77: Updating Maven Project] INFO  o.e.m.c.i.l.LifecycleMappingFactory - Using org.eclipse.m2e.jdt.JarLifecycleMapping lifecycle mapping for MavenProject: com.hbt.semillero.web:semillero-web:1.0-SNAPSHOT @ C:\Users\LENOVO\Desktop\repositorio\pruebasemillero\semillero-hbt\semillero-padre\semillero-web\pom.xml.
2022-02-25 23:41:28,617 [Worker-77: Updating Maven Project] INFO  o.e.m.c.i.l.LifecycleMappingFactory - Using DEFAULT lifecycle mapping for MavenProject: com.hbt.semillero:semillero-ear:1.0-SNAPSHOT @ C:\Users\LENOVO\Desktop\repositorio\pruebasemillero\semillero-hbt\semillero-padre\semillero-ear\pom.xml.
2022-02-25 23:41:28,621 [Worker-77: Updating Maven Project] INFO  o.e.m.c.i.p.WorkspaceClassifierResolverManager - Resolving P/semillero-web: com.hbt.semillero.web:semillero-web:1.0-SNAPSHOT with classifier  to /semillero-web/target/classes
2022-02-25 23:41:28,622 [Worker-77: Updating Maven Project] INFO  o.e.m.c.i.p.WorkspaceClassifierResolverManager - Resolving P/semillero-servicios: com.hbt.semillero.servicios:semillero-servicios:1.0-SNAPSHOT with classifier  to /semillero-servicios/target/classes
2022-02-25 23:41:28,726 [Worker-77: Updating Maven Project] INFO  o.e.m.j.i.AbstractJavaProjectConfigurator - Adding source folder /semillero-servicios/src/main/java
2022-02-25 23:41:28,726 [Worker-77: Updating Maven Project] INFO  o.e.m.j.i.AbstractJavaProjectConfigurator - Adding resource folder /semillero-servicios/src/main/resources
2022-02-25 23:41:28,726 [Worker-77: Updating Maven Project] INFO  o.e.m.j.i.AbstractJavaProjectConfigurator - Adding source folder /semillero-servicios/src/test/java
2022-02-25 23:41:28,765 [Worker-77: Updating Maven Project] INFO  o.e.m.j.i.AbstractJavaProjectConfigurator - Adding source folder /semillero-web/src/main/java
2022-02-25 23:41:28,766 [Worker-77: Updating Maven Project] INFO  o.e.m.j.i.AbstractJavaProjectConfigurator - Adding source folder /semillero-web/src/test/java
2022-02-25 23:41:28,859 [Worker-77: Updating Maven Project] INFO  o.e.m.c.i.p.ProjectConfigurationManager - Update completed: 0 sec
2022-02-25 23:41:29,005 [Worker-80: Se está construyendo el espacio de trabajo] INFO  o.e.m.c.i.p.WorkspaceClassifierResolverManager - Resolving P/semillero-web: com.hbt.semillero.web:semillero-web:1.0-SNAPSHOT with classifier  to /semillero-web/target/classes
2022-02-25 23:41:29,005 [Worker-80: Se está construyendo el espacio de trabajo] INFO  o.e.m.c.i.p.WorkspaceClassifierResolverManager - Resolving P/semillero-servicios: com.hbt.semillero.servicios:semillero-servicios:1.0-SNAPSHOT with classifier  to /semillero-servicios/target/classes
2022-02-25 23:41:29,017 [Worker-80: Se está construyendo el espacio de trabajo] INFO  o.e.m.c.i.embedder.EclipseLogger - Using 'UTF-8' encoding to copy filtered resources.
2022-02-25 23:41:29,017 [Worker-80: Se está construyendo el espacio de trabajo] INFO  o.e.m.c.i.embedder.EclipseLogger - skip non existing resourceDirectory C:\Users\LENOVO\Desktop\repositorio\pruebasemillero\semillero-hbt\semillero-padre\semillero-ear\src\main\resources
2022-02-25 23:41:29,178 [Worker-80: Se está construyendo el espacio de trabajo] INFO  o.e.m.c.i.embedder.EclipseLogger - Using 'UTF-8' encoding to copy filtered resources.
2022-02-25 23:41:29,178 [Worker-80: Se está construyendo el espacio de trabajo] INFO  o.e.m.c.i.embedder.EclipseLogger - Copying 1 resource
2022-02-25 23:41:29,196 [Worker-80: Se está construyendo el espacio de trabajo] INFO  o.e.m.c.i.embedder.EclipseLogger - Not copying test resources
2022-02-25 23:41:29,214 [Worker-80: Se está construyendo el espacio de trabajo] INFO  o.e.m.c.i.embedder.EclipseLogger - Using 'UTF-8' encoding to copy filtered resources.
2022-02-25 23:41:29,214 [Worker-80: Se está construyendo el espacio de trabajo] INFO  o.e.m.c.i.embedder.EclipseLogger - skip non existing resourceDirectory C:\Users\LENOVO\Desktop\repositorio\pruebasemillero\semillero-hbt\semillero-padre\semillero-web\src\main\resources
2022-02-25 23:41:29,215 [Worker-80: Se está construyendo el espacio de trabajo] INFO  o.e.m.c.i.embedder.EclipseLogger - Not copying test resources
2022-02-25 23:41:29,218 [Worker-80: Se está construyendo el espacio de trabajo] INFO  o.e.m.c.i.embedder.EclipseLogger - Using 'UTF-8' encoding to copy filtered resources.
2022-02-25 23:41:29,220 [Worker-80: Se está construyendo el espacio de trabajo] INFO  o.e.m.c.i.embedder.EclipseLogger - Copying 69 resources
2022-02-25 23:41:29,977 [Worker-81: Download sources and javadoc] INFO  o.e.m.c.i.e.AbstractTransferListenerAdapter - Downloaded https://repo.maven.apache.org/maven2/org/beanshell/bsh/2.0b4/bsh-2.0b4-javadoc.jar
2022-02-25 23:41:29,980 [Worker-81: Download sources and javadoc] ERROR o.e.m.j.internal.DownloadSourcesJob - Could not download javadoc for org.beanshell:bsh:2.0b4
org.eclipse.core.runtime.CoreException: Could not resolve artifact org.beanshell:bsh:jar:javadoc:2.0b4
	at org.eclipse.m2e.core.internal.embedder.MavenImpl.lambda$4(MavenImpl.java:828)
	at org.eclipse.m2e.core.internal.embedder.MavenExecutionContext.executeBare(MavenExecutionContext.java:182)
	at org.eclipse.m2e.core.internal.embedder.MavenExecutionContext.execute(MavenExecutionContext.java:117)
	at org.eclipse.m2e.core.internal.embedder.MavenExecutionContext.execute(MavenExecutionContext.java:103)
	at org.eclipse.m2e.core.internal.embedder.MavenImpl.resolve(MavenImpl.java:796)
	at org.eclipse.m2e.core.internal.embedder.MavenImpl.resolve(MavenImpl.java:773)
	at org.eclipse.m2e.jdt.internal.DownloadSourcesJob.download(DownloadSourcesJob.java:311)
	at org.eclipse.m2e.jdt.internal.DownloadSourcesJob.downloadAttachments(DownloadSourcesJob.java:297)
	at org.eclipse.m2e.jdt.internal.DownloadSourcesJob.downloadMaven(DownloadSourcesJob.java:255)
	at org.eclipse.m2e.jdt.internal.DownloadSourcesJob.downloadFilesAndPopulateToUpdate(DownloadSourcesJob.java:223)
	at org.eclipse.m2e.jdt.internal.DownloadSourcesJob.lambda$0(DownloadSourcesJob.java:152)
	at org.eclipse.m2e.core.internal.embedder.MavenExecutionContext.executeBare(MavenExecutionContext.java:182)
	at org.eclipse.m2e.core.internal.embedder.MavenExecutionContext.execute(MavenExecutionContext.java:156)
	at org.eclipse.m2e.core.internal.embedder.MavenExecutionContext.execute(MavenExecutionContext.java:103)
	at org.eclipse.m2e.core.internal.embedder.MavenImpl.execute(MavenImpl.java:1416)
	at org.eclipse.m2e.jdt.internal.DownloadSourcesJob.run(DownloadSourcesJob.java:152)
	at org.eclipse.core.internal.jobs.Worker.run(Worker.java:63)
2022-02-25 23:42:28,894 [Worker-76: Se está construyendo el espacio de trabajo] INFO  o.e.m.c.i.embedder.EclipseLogger - Using 'UTF-8' encoding to copy filtered resources.
2022-02-25 23:42:28,895 [Worker-76: Se está construyendo el espacio de trabajo] INFO  o.e.m.c.i.embedder.EclipseLogger - Copying 0 resource
2022-02-25 23:42:28,896 [Worker-76: Se está construyendo el espacio de trabajo] INFO  o.e.m.c.i.embedder.EclipseLogger - Not copying test resources
2022-02-25 23:42:37,436 [Worker-78: Se está construyendo el espacio de trabajo] INFO  o.e.m.c.i.embedder.EclipseLogger - Using 'UTF-8' encoding to copy filtered resources.
2022-02-25 23:42:37,436 [Worker-78: Se está construyendo el espacio de trabajo] INFO  o.e.m.c.i.embedder.EclipseLogger - Copying 0 resource
2022-02-25 23:42:37,437 [Worker-78: Se está construyendo el espacio de trabajo] INFO  o.e.m.c.i.embedder.EclipseLogger - Not copying test resources
2022-02-25 23:43:25,999 [Worker-80: Se está construyendo el espacio de trabajo] INFO  o.e.m.c.i.embedder.EclipseLogger - Using 'UTF-8' encoding to copy filtered resources.
2022-02-25 23:43:26,000 [Worker-80: Se está construyendo el espacio de trabajo] INFO  o.e.m.c.i.embedder.EclipseLogger - Copying 0 resource
2022-02-25 23:43:26,000 [Worker-80: Se está construyendo el espacio de trabajo] INFO  o.e.m.c.i.embedder.EclipseLogger - Not copying test resources
2022-02-25 23:43:40,939 [Worker-74: Se está construyendo el espacio de trabajo] INFO  o.e.m.c.i.embedder.EclipseLogger - Using 'UTF-8' encoding to copy filtered resources.
2022-02-25 23:43:40,940 [Worker-74: Se está construyendo el espacio de trabajo] INFO  o.e.m.c.i.embedder.EclipseLogger - Copying 0 resource
2022-02-25 23:43:40,940 [Worker-74: Se está construyendo el espacio de trabajo] INFO  o.e.m.c.i.embedder.EclipseLogger - Not copying test resources
2022-02-25 23:43:54,872 [Worker-77: Se está construyendo el espacio de trabajo] INFO  o.e.m.c.i.embedder.EclipseLogger - Using 'UTF-8' encoding to copy filtered resources.
2022-02-25 23:43:54,873 [Worker-77: Se está construyendo el espacio de trabajo] INFO  o.e.m.c.i.embedder.EclipseLogger - Copying 0 resource
2022-02-25 23:43:54,876 [Worker-77: Se está construyendo el espacio de trabajo] INFO  o.e.m.c.i.embedder.EclipseLogger - Not copying test resources
2022-02-25 23:44:31,912 [Worker-81: Se está construyendo el espacio de trabajo] INFO  o.e.m.c.i.embedder.EclipseLogger - Using 'UTF-8' encoding to copy filtered resources.
2022-02-25 23:44:31,913 [Worker-81: Se está construyendo el espacio de trabajo] INFO  o.e.m.c.i.embedder.EclipseLogger - Copying 0 resource
2022-02-25 23:44:31,913 [Worker-81: Se está construyendo el espacio de trabajo] INFO  o.e.m.c.i.embedder.EclipseLogger - Not copying test resources
2022-02-25 23:46:16,462 [Worker-78: Se está construyendo el espacio de trabajo] INFO  o.e.m.c.i.embedder.EclipseLogger - Using 'UTF-8' encoding to copy filtered resources.
2022-02-25 23:46:16,462 [Worker-78: Se está construyendo el espacio de trabajo] INFO  o.e.m.c.i.embedder.EclipseLogger - Copying 0 resource
2022-02-25 23:46:16,463 [Worker-78: Se está construyendo el espacio de trabajo] INFO  o.e.m.c.i.embedder.EclipseLogger - Not copying test resources
2022-02-25 23:47:21,080 [Worker-80: Se está construyendo el espacio de trabajo] INFO  o.e.m.c.i.embedder.EclipseLogger - Using 'UTF-8' encoding to copy filtered resources.
2022-02-25 23:47:21,081 [Worker-80: Se está construyendo el espacio de trabajo] INFO  o.e.m.c.i.embedder.EclipseLogger - Copying 0 resource
2022-02-25 23:47:21,081 [Worker-80: Se está construyendo el espacio de trabajo] INFO  o.e.m.c.i.embedder.EclipseLogger - Not copying test resources
2022-02-25 23:48:15,286 [Worker-79: Se está construyendo el espacio de trabajo] INFO  o.e.m.c.i.embedder.EclipseLogger - Using 'UTF-8' encoding to copy filtered resources.
2022-02-25 23:48:15,287 [Worker-79: Se está construyendo el espacio de trabajo] INFO  o.e.m.c.i.embedder.EclipseLogger - Copying 0 resource
2022-02-25 23:48:15,287 [Worker-79: Se está construyendo el espacio de trabajo] INFO  o.e.m.c.i.embedder.EclipseLogger - Not copying test resources
2022-02-25 23:50:13,479 [Worker-79: Se está construyendo el espacio de trabajo] INFO  o.e.m.c.i.embedder.EclipseLogger - Using 'UTF-8' encoding to copy filtered resources.
2022-02-25 23:50:13,479 [Worker-79: Se está construyendo el espacio de trabajo] INFO  o.e.m.c.i.embedder.EclipseLogger - Copying 0 resource
2022-02-25 23:50:13,480 [Worker-79: Se está construyendo el espacio de trabajo] INFO  o.e.m.c.i.embedder.EclipseLogger - Not copying test resources
2022-02-25 23:50:14,508 [Worker-83: Se está construyendo el espacio de trabajo] INFO  o.e.m.c.i.embedder.EclipseLogger - Using 'UTF-8' encoding to copy filtered resources.
2022-02-25 23:50:14,509 [Worker-83: Se está construyendo el espacio de trabajo] INFO  o.e.m.c.i.embedder.EclipseLogger - Copying 1 resource
2022-02-25 23:50:14,511 [Worker-83: Se está construyendo el espacio de trabajo] INFO  o.e.m.c.i.embedder.EclipseLogger - Not copying test resources
2022-02-25 23:50:43,022 [Worker-83: Se está construyendo el espacio de trabajo] INFO  o.e.m.c.i.embedder.EclipseLogger - Using 'UTF-8' encoding to copy filtered resources.
2022-02-25 23:50:43,022 [Worker-83: Se está construyendo el espacio de trabajo] INFO  o.e.m.c.i.embedder.EclipseLogger - Copying 0 resource
2022-02-25 23:50:43,023 [Worker-83: Se está construyendo el espacio de trabajo] INFO  o.e.m.c.i.embedder.EclipseLogger - Not copying test resources
2022-02-25 23:51:07,413 [Worker-81: Se está construyendo el espacio de trabajo] INFO  o.e.m.c.i.embedder.EclipseLogger - Using 'UTF-8' encoding to copy filtered resources.
